0 info it worked if it ends with ok
1 verbose cli [ '/home/mantak/.nvm/versions/node/v6.9.0/bin/node',
1 verbose cli   '/home/mantak/.nvm/versions/node/v6.9.0/bin/npm',
1 verbose cli   'start' ]
2 info using npm@3.10.9
3 info using node@v6.9.0
4 verbose run-script [ 'prestart', 'start', 'poststart' ]
5 info lifecycle MyApp@~prestart: MyApp@
6 silly lifecycle MyApp@~prestart: no script for prestart, continuing
7 info lifecycle MyApp@~start: MyApp@
8 verbose lifecycle MyApp@~start: unsafe-perm in lifecycle true
9 verbose lifecycle MyApp@~start: PATH: /home/mantak/.nvm/versions/node/v6.9.0/lib/node_modules/npm/bin/node-gyp-bin:/home/mantak/working/xhb/node_modules/.bin:/home/mantak/.nvm/versions/node/v6.9.0/bin:/home/mantak/bin:/home/mantak/.local/bin:/usr/local/sbin:/usr/local/bin:/usr/sbin:/usr/bin:/sbin:/bin:/usr/games:/usr/local/games
10 verbose lifecycle MyApp@~start: CWD: /home/mantak/working/xhb
11 silly lifecycle MyApp@~start: Args: [ '-c', 'meteor --settings settings.json' ]
12 silly lifecycle MyApp@~start: Returned: code: 139  signal: null
13 info lifecycle MyApp@~start: Failed to exec start script
14 verbose stack Error: MyApp@ start: `meteor --settings settings.json`
14 verbose stack Exit status 139
14 verbose stack     at EventEmitter.<anonymous> (/home/mantak/.nvm/versions/node/v6.9.0/lib/node_modules/npm/lib/utils/lifecycle.js:255:16)
14 verbose stack     at emitTwo (events.js:106:13)
14 verbose stack     at EventEmitter.emit (events.js:191:7)
14 verbose stack     at ChildProcess.<anonymous> (/home/mantak/.nvm/versions/node/v6.9.0/lib/node_modules/npm/lib/utils/spawn.js:40:14)
14 verbose stack     at emitTwo (events.js:106:13)
14 verbose stack     at ChildProcess.emit (events.js:191:7)
14 verbose stack     at maybeClose (internal/child_process.js:877:16)
14 verbose stack     at Process.ChildProcess._handle.onexit (internal/child_process.js:226:5)
15 verbose pkgid MyApp@
16 verbose cwd /home/mantak/working/xhb
17 error Linux 4.4.0-62-generic
18 error argv "/home/mantak/.nvm/versions/node/v6.9.0/bin/node" "/home/mantak/.nvm/versions/node/v6.9.0/bin/npm" "start"
19 error node v6.9.0
20 error npm  v3.10.9
21 error code ELIFECYCLE
22 error MyApp@ start: `meteor --settings settings.json`
22 error Exit status 139
23 error Failed at the MyApp@ start script 'meteor --settings settings.json'.
23 error Make sure you have the latest version of node.js and npm installed.
23 error If you do, this is most likely a problem with the MyApp package,
23 error not with npm itself.
23 error Tell the author that this fails on your system:
23 error     meteor --settings settings.json
23 error You can get information on how to open an issue for this project with:
23 error     npm bugs MyApp
23 error Or if that isn't available, you can get their info via:
23 error     npm owner ls MyApp
23 error There is likely additional logging output above.
24 verbose exit [ 1, true ]
